#
# There is insufficient memory for the Java Runtime Environment to continue.
# Native memory allocation (mmap) failed to map 134217728 bytes for G1 virtual space
# Possible reasons:
#   The system is out of physical RAM or swap space
#   The process is running with CompressedOops enabled, and the Java Heap may be blocking the growth of the native heap
# Possible solutions:
#   Reduce memory load on the system
#   Increase physical memory or swap space
#   Check if swap backing store is full
#   Decrease Java heap size (-Xmx/-Xms)
#   Decrease number of Java threads
#   Decrease Java thread stack sizes (-Xss)
#   Set larger code cache with -XX:ReservedCodeCacheSize=
#   JVM is running with Unscaled Compressed Oops mode in which the Java heap is
#     placed in the first 4GB address space. The Java Heap base address is the
#     maximum limit for the native heap growth. Please use -XX:HeapBaseMinAddress
#     to set the Java Heap base and to place the Java Heap above 4GB virtual address.
# This output file may be truncated or incomplete.
#
#  Out of Memory Error (os_windows.cpp:3469), pid=13544, tid=10844
#
# JRE version:  (17.0.1+12) (build )
# Java VM: Java HotSpot(TM) 64-Bit Server VM (17.0.1+12-LTS-39, mixed mode, sharing, tiered, compressed oops, compressed class ptrs, g1 gc, windows-amd64)
# No core dump will be written. Minidumps are not enabled by default on client versions of Windows
#

---------------  S U M M A R Y ------------

Command Line: -Dfile.encoding=Cp1252 -XX:+ShowCodeDetailsInExceptionMessages br.com.generation.Collections.TestaEstoque

Host: Intel(R) Core(TM) i5-3230M CPU @ 2.60GHz, 4 cores, 7G,  Windows 10 , 64 bit Build 19041 (10.0.19041.1566)
Time: Sat Mar 19 16:52:23 2022 Hora oficial do Brasil elapsed time: 0.015809 seconds (0d 0h 0m 0s)

---------------  T H R E A D  ---------------

Current thread (0x000002a9799dc120):  JavaThread "Unknown thread" [_thread_in_vm, id=10844, stack(0x000000d22be00000,0x000000d22bf00000)]

Stack: [0x000000d22be00000,0x000000d22bf00000]
Native frames: (J=compiled Java code, j=interpreted, Vv=VM code, C=native code)
V  [jvm.dll+0x66fa1a]
V  [jvm.dll+0x7ce5a4]
V  [jvm.dll+0x7cfd4e]
V  [jvm.dll+0x7d03b3]
V  [jvm.dll+0x242b05]
V  [jvm.dll+0x66ca39]
V  [jvm.dll+0x661502]
V  [jvm.dll+0x30081b]
V  [jvm.dll+0x307da6]
V  [jvm.dll+0x357a1e]
V  [jvm.dll+0x357c4f]
V  [jvm.dll+0x2d7ad8]
V  [jvm.dll+0x2d8a44]
V  [jvm.dll+0x7a01e1]
V  [jvm.dll+0x365791]
V  [jvm.dll+0x77f6cc]
V  [jvm.dll+0x3e812f]
V  [jvm.dll+0x3e9bd1]
C  [jli.dll+0x527b]
C  [ucrtbase.dll+0x21bb2]
C  [KERNEL32.DLL+0x17034]
C  [ntdll.dll+0x52651]


---------------  P R O C E S S  ---------------

Threads class SMR info:
_java_thread_list=0x00007ffa12207818, length=0, elements={
}

Java Threads: ( => current thread )

Other Threads:
  0x000002a979a19d50 GCTaskThread "GC Thread#0" [stack: 0x000000d22bf00000,0x000000d22c000000] [id=12228]
  0x000002a979a2c410 ConcurrentGCThread "G1 Main Marker" [stack: 0x000000d22c000000,0x000000d22c100000] [id=14744]
  0x000002a979a2cd30 ConcurrentGCThread "G1 Conc#0" [stack: 0x000000d22c100000,0x000000d22c200000] [id=6536]

[error occurred during error reporting (printing all threads), id 0xc0000005, EXCEPTION_ACCESS_VIOLATION (0xc0000005) at pc=0x00007ffa11a584b7]

VM state: not at safepoint (not fully initialized)

VM Mutex/Monitor currently owned by a thread:  ([mutex/lock_event])
[0x000002a9799d92b0] Heap_lock - owner thread: 0x000002a9799dc120

Heap address: 0x0000000081a00000, size: 2022 MB, Compressed Oops mode: 32-bit

CDS archive(s) mapped at: [0x0000000000000000-0x0000000000000000-0x0000000000000000), size 0, SharedBaseAddress: 0x0000000800000000, ArchiveRelocationMode: 0.
Narrow klass base: 0x0000000000000000, Narrow klass shift: 0, Narrow klass range: 0x0

GC Precious Log:
<Empty>

Heap:
 garbage-first heap   total 0K, used 0K [0x0000000081a00000, 0x0000000100000000)
  region size 1024K, 0 young (0K), 0 survivors (0K)

[error occurred during error reporting (printing heap information), id 0xc0000005, EXCEPTION_ACCESS_VIOLATION (0xc0000005) at pc=0x00007ffa11e38d89]

GC Heap History (0 events):
No events

Deoptimization events (0 events):
No events

Classes unloaded (0 events):
No events

Classes redefined (0 events):
No events

Internal exceptions (0 events):
No events

VM Operations (0 events):
No events

Events (1 events):
Event: 0.010 Loaded shared library C:\Program Files\Java\jdk-17.0.1\bin\java.dll


Dynamic libraries:
0x00007ff7bdc30000 - 0x00007ff7bdc40000 	C:\Program Files\Java\jdk-17.0.1\bin\javaw.exe
0x00007ffa4a0b0000 - 0x00007ffa4a2a5000 	C:\WINDOWS\SYSTEM32\ntdll.dll
0x00007ffa49ed0000 - 0x00007ffa49f8e000 	C:\WINDOWS\System32\KERNEL32.DLL
0x00007ffa479b0000 - 0x00007ffa47c78000 	C:\WINDOWS\System32\KERNELBASE.dll
0x00007ffa477d0000 - 0x00007ffa478d0000 	C:\WINDOWS\System32\ucrtbase.dll
0x00007ffa299d0000 - 0x00007ffa299e8000 	C:\Program Files\Java\jdk-17.0.1\bin\jli.dll
0x00007ffa48f80000 - 0x00007ffa4902e000 	C:\WINDOWS\System32\ADVAPI32.dll
0x00007ffa48b20000 - 0x00007ffa48bbe000 	C:\WINDOWS\System32\msvcrt.dll
0x00007ffa487a0000 - 0x00007ffa4883c000 	C:\WINDOWS\System32\sechost.dll
0x00007ffa488d0000 - 0x00007ffa489f5000 	C:\WINDOWS\System32\RPCRT4.dll
0x00007ffa48530000 - 0x00007ffa486d0000 	C:\WINDOWS\System32\USER32.dll
0x00007ffa47f80000 - 0x00007ffa47fa2000 	C:\WINDOWS\System32\win32u.dll
0x00007ffa48a00000 - 0x00007ffa48a2b000 	C:\WINDOWS\System32\GDI32.dll
0x00007ffa47cd0000 - 0x00007ffa47ddb000 	C:\WINDOWS\System32\gdi32full.dll
0x00007ffa47de0000 - 0x00007ffa47e7d000 	C:\WINDOWS\System32\msvcp_win.dll
0x00007ffa29630000 - 0x00007ffa2964a000 	C:\Program Files\Java\jdk-17.0.1\bin\VCRUNTIME140.dll
0x00007ffa358b0000 - 0x00007ffa35b4a000 	C:\WINDOWS\WinSxS\amd64_microsoft.windows.common-controls_6595b64144ccf1df_6.0.19041.1110_none_60b5254171f9507e\COMCTL32.dll
0x00007ffa421d0000 - 0x00007ffa421da000 	C:\WINDOWS\SYSTEM32\VERSION.dll
0x00007ffa48500000 - 0x00007ffa48530000 	C:\WINDOWS\System32\IMM32.DLL
0x00007ffa33d60000 - 0x00007ffa33d6c000 	C:\Program Files\Java\jdk-17.0.1\bin\vcruntime140_1.dll
0x00007ffa1a450000 - 0x00007ffa1a4dd000 	C:\Program Files\Java\jdk-17.0.1\bin\msvcp140.dll
0x00007ffa11770000 - 0x00007ffa1232e000 	C:\Program Files\Java\jdk-17.0.1\bin\server\jvm.dll
0x00007ffa49f90000 - 0x00007ffa49f98000 	C:\WINDOWS\System32\PSAPI.DLL
0x00007ffa428d0000 - 0x00007ffa428d9000 	C:\WINDOWS\SYSTEM32\WSOCK32.dll
0x00007ffa35440000 - 0x00007ffa35467000 	C:\WINDOWS\SYSTEM32\WINMM.dll
0x00007ffa48a30000 - 0x00007ffa48a9b000 	C:\WINDOWS\System32\WS2_32.dll
0x00007ffa45600000 - 0x00007ffa45612000 	C:\WINDOWS\SYSTEM32\kernel.appcore.dll
0x00007ffa37d80000 - 0x00007ffa37d8a000 	C:\Program Files\Java\jdk-17.0.1\bin\jimage.dll
0x00007ffa37b90000 - 0x00007ffa37d74000 	C:\WINDOWS\SYSTEM32\DBGHELP.DLL
0x00007ffa376d0000 - 0x00007ffa376fc000 	C:\WINDOWS\SYSTEM32\dbgcore.DLL
0x00007ffa47ef0000 - 0x00007ffa47f72000 	C:\WINDOWS\System32\bcryptPrimitives.dll
0x00007ffa26230000 - 0x00007ffa26255000 	C:\Program Files\Java\jdk-17.0.1\bin\java.dll

dbghelp: loaded successfully - version: 4.0.5 - missing functions: none
symbol engine: initialized successfully - sym options: 0x614 - pdb path: .;C:\Program Files\Java\jdk-17.0.1\bin;C:\WINDOWS\SYSTEM32;C:\WINDOWS\WinSxS\amd64_microsoft.windows.common-controls_6595b64144ccf1df_6.0.19041.1110_none_60b5254171f9507e;C:\Program Files\Java\jdk-17.0.1\bin\server

VM Arguments:
jvm_args: -Dfile.encoding=Cp1252 -XX:+ShowCodeDetailsInExceptionMessages 
java_command: br.com.generation.Collections.TestaEstoque
java_class_path (initial): C:\Users\ariel\eclipse-workspace\06. Herança e  Polimorfismo\bin
Launcher Type: SUN_STANDARD

[Global flags]
     intx CICompilerCount                          = 3                                         {product} {ergonomic}
     uint ConcGCThreads                            = 1                                         {product} {ergonomic}
     uint G1ConcRefinementThreads                  = 4                                         {product} {ergonomic}
   size_t G1HeapRegionSize                         = 1048576                                   {product} {ergonomic}
    uintx GCDrainStackTargetSize                   = 64                                        {product} {ergonomic}
   size_t InitialHeapSize                          = 134217728                                 {product} {ergonomic}
   size_t MarkStackSize                            = 4194304                                   {product} {ergonomic}
   size_t MaxHeapSize                              = 2120220672                                {product} {ergonomic}
   size_t MinHeapDeltaBytes                        = 1048576                                   {product} {ergonomic}
   size_t MinHeapSize                              = 8388608                                   {product} {ergonomic}
    uintx NonNMethodCodeHeapSize                   = 5832780                                {pd product} {ergonomic}
    uintx NonProfiledCodeHeapSize                  = 122912730                              {pd product} {ergonomic}
    uintx ProfiledCodeHeapSize                     = 122912730                              {pd product} {ergonomic}
    uintx ReservedCodeCacheSize                    = 251658240                              {pd product} {ergonomic}
     bool SegmentedCodeCache                       = true                                      {product} {ergonomic}
     bool ShowCodeDetailsInExceptionMessages       = true                                   {manageable} {command line}
   size_t SoftMaxHeapSize                          = 2120220672                             {manageable} {ergonomic}
     bool UseCompressedClassPointers               = true                           {product lp64_product} {ergonomic}
     bool UseCompressedOops                        = true                           {product lp64_product} {ergonomic}
     bool UseG1GC                                  = true                                      {product} {ergonomic}
     bool UseLargePagesIndividualAllocation        = false                                  {pd product} {ergonomic}

Logging:
Log output configuration:
 #0: stdout all=warning uptime,level,tags
 #1: stderr all=off uptime,level,tags

Environment Variables:
JAVA_HOME=C:\Program Files\Java\jdk-17.0.1
PATH=C:/Program Files/Java/jdk-17.0.1/bin/server;C:/Program Files/Java/jdk-17.0.1/bin;C:\Program Files\Java\jdk-17.0.1\bin;C:\Program Files (x86)\Common Files\Oracle\Java\javapath;C:\Program Files (x86)\Common Files\Intel\Shared Libraries\redist\intel64\compiler;C:\ProgramData\Oracle\Java\javapath;C:\Program Files (x86)\Common Files\Intel\Shared Files\cpp\bin\Intel64;C:\WINDOWS\system32;C:\WINDOWS;C:\WINDOWS\System32\Wbem;C:\WINDOWS\System32\WindowsPowerShell\v1.0\;C:\Program Files\Common Files\Autodesk Shared\;C:\WINDOWS\System32\OpenSSH\;C:\Program Files\Microsoft SQL Server\120\Tools\Binn\;C:\Program Files\dotnet\;C:\Program Files\SafeNet\Authentication\SAC\x32;C:\Program Files\SafeNet\Authentication\SAC\x64;C:\ProgramData\UNIVALI\Portugol Studio;C:\Program Files\Java\jdk-17.0.1\bin;C:\Program Files\Git\cmd;C:\Program Files\nodejs\;C:\Users\ariel\AppData\Local\Microsoft\WindowsApps;;C:\Users\ariel\AppData\Local\Programs\Microsoft VS Code\bin;C:\Users\ariel\AppData\Roaming\npm;C:\WINDOWS\System32;
USERNAME=User
OS=Windows_NT
PROCESSOR_IDENTIFIER=Intel64 Family 6 Model 58 Stepping 9, GenuineIntel



---------------  S Y S T E M  ---------------

OS:
 Windows 10 , 64 bit Build 19041 (10.0.19041.1566)
OS uptime: 4 days 2:51 hours

CPU: total 4 (initial active 4) (2 cores per cpu, 2 threads per core) family 6 model 58 stepping 9 microcode 0x21, cx8, cmov, fxsr, ht, mmx, sse, sse2, sse3, ssse3, sse4.1, sse4.2, popcnt, tsc, tscinvbit, avx, aes, erms, clmul, vzeroupper, clflush

Memory: 4k page, system-wide physical 8084M (2363M free)
TotalPageFile size 8484M (AvailPageFile size 76M)
current process WorkingSet (physical memory assigned to process): 10M, peak: 10M
current process commit charge ("private bytes"): 51M, peak: 179M

vm_info: Java HotSpot(TM) 64-Bit Server VM (17.0.1+12-LTS-39) for windows-amd64 JRE (17.0.1+12-LTS-39), built on Sep 27 2021 18:41:35 by "mach5one" with MS VC++ 16.8 (VS2019)

END.
